<?xml version="1.0" encoding="UTF-8"?>
<!-- Generated by org.testng.reporters.JUnitReportReporter -->
<testsuite hostname="Lenovo" failures="0" tests="2" name="com.hrms.tests.TestingAnnotations" time="0.008" errors="0" timestamp="25 Feb 2021 00:16:10 GMT">
  <testcase classname="com.hrms.tests.TestingAnnotations" name="testCase2" time="0.007"/>
  <testcase classname="com.hrms.tests.TestingAnnotations" name="testCase1" time="0.001"/>
</testsuite> <!-- com.hrms.tests.TestingAnnotations -->
