<?xml version="1.0" encoding="UTF-8"?>
<!-- Generated by org.testng.reporters.JUnitReportReporter -->
<testsuite hostname="Lenovo" failures="0" tests="2" name="com.hrms.tests.parallalTastingTestNG" time="15.931" errors="0" timestamp="29 Jan 2021 01:52:36 GMT">
  <testcase classname="com.hrms.tests.parallalTastingTestNG" name="ChromeTest" time="9.520"/>
  <testcase classname="com.hrms.tests.parallalTastingTestNG" name="FirefoxTest" time="6.411"/>
</testsuite> <!-- com.hrms.tests.parallalTastingTestNG -->
