<?xml version="1.0" encoding="UTF-8"?>
<!-- Generated by org.testng.reporters.JUnitReportReporter -->
<testsuite hostname="Lenovo" failures="0" tests="3" name="com.hrms.tests.data_provider" time="0.009" errors="0" timestamp="29 Jan 2021 00:40:59 GMT">
  <testcase classname="com.hrms.tests.data_provider" name="myTest" time="0.001"/>
  <testcase classname="com.hrms.tests.data_provider" name="myTest" time="0.001"/>
  <testcase classname="com.hrms.tests.data_provider" name="myTest" time="0.007"/>
</testsuite> <!-- com.hrms.tests.data_provider -->
