<?xml version="1.0" encoding="UTF-8"?>
<!-- Generated by org.testng.reporters.JUnitReportReporter -->
<testsuite hostname="Lenovo" failures="0" tests="1" name="com.hrms.tests.log_reporter" time="0.011" errors="0" timestamp="29 Jan 2021 16:29:51 GMT">
  <testcase classname="com.hrms.tests.log_reporter" name="logReportedTesting" time="0.011"/>
</testsuite> <!-- com.hrms.tests.log_reporter -->
