<?xml version="1.0" encoding="UTF-8"?>
<!-- Generated by org.testng.reporters.JUnitReportReporter -->
<testsuite hostname="Lenovo" failures="0" tests="2" name="com.hrms.tests.crossBrowserTesting_Batch5" time="0.341" errors="0" timestamp="29 Jan 2021 01:36:37 GMT">
  <testcase classname="com.hrms.tests.crossBrowserTesting_Batch5" name="login" time="0.072"/>
  <testcase classname="com.hrms.tests.crossBrowserTesting_Batch5" name="login" time="0.269"/>
</testsuite> <!-- com.hrms.tests.crossBrowserTesting_Batch5 -->
