<?xml version="1.0" encoding="UTF-8"?>
<!-- Generated by org.testng.reporters.JUnitReportReporter -->
<testsuite hostname="Lenovo" failures="0" tests="1" name="com.hrms.tests.nationalities_Tests" time="11.578" errors="0" timestamp="4 Feb 2021 00:36:01 GMT">
  <testcase classname="com.hrms.tests.nationalities_Tests" name="loginTest1" time="11.578"/>
</testsuite> <!-- com.hrms.tests.nationalities_Tests -->
