<?xml version="1.0" encoding="UTF-8"?>
<!-- Generated by org.testng.reporters.JUnitReportReporter -->
<testsuite hostname="Lenovo" failures="0" tests="2" name="com.hrms.tests.TestCase_HRM_testNG" time="7.415" errors="0" timestamp="29 Jan 2021 18:17:00 GMT">
  <testcase classname="com.hrms.tests.TestCase_HRM_testNG" name="TestCase_HRM_testNG_Batch6" time="1.445"/>
  <testcase classname="com.hrms.tests.TestCase_HRM_testNG" name="TestCase_HRM_testNG_Batch6_AddLanguage" time="5.970"/>
</testsuite> <!-- com.hrms.tests.TestCase_HRM_testNG -->
