<?xml version="1.0" encoding="UTF-8"?>
<!-- Generated by org.testng.reporters.JUnitReportReporter -->
<testsuite hostname="Lenovo" failures="0" tests="6" name="com.hrms.tests.priorityTesting" time="0.013" errors="0" timestamp="25 Feb 2021 00:16:10 GMT">
  <testcase classname="com.hrms.tests.priorityTesting" name="test2" time="0.003"/>
  <testcase classname="com.hrms.tests.priorityTesting" name="test1" time="0.001"/>
  <testcase classname="com.hrms.tests.priorityTesting" name="test4" time="0.004"/>
  <testcase classname="com.hrms.tests.priorityTesting" name="test5" time="0.001"/>
  <testcase classname="com.hrms.tests.priorityTesting" name="test6" time="0.002"/>
  <testcase classname="com.hrms.tests.priorityTesting" name="test7" time="0.002"/>
</testsuite> <!-- com.hrms.tests.priorityTesting -->
