<?xml version="1.0" encoding="UTF-8"?>
<!-- Generated by org.testng.reporters.JUnitReportReporter -->
<testsuite hostname="Lenovo" failures="0" tests="3" name="com.hrms.tests.dependencyTesting" time="0.003" errors="0" timestamp="29 Jan 2021 17:46:25 GMT">
  <testcase classname="com.hrms.tests.dependencyTesting" name="testSalutationMessage" time="0.001"/>
  <testcase classname="com.hrms.tests.dependencyTesting" name="testPrintMessage" time="0.001"/>
  <testcase classname="com.hrms.tests.dependencyTesting" name="initEnvironmentTest" time="0.001"/>
</testsuite> <!-- com.hrms.tests.dependencyTesting -->
