<?xml version="1.0" encoding="UTF-8"?>
<!-- Generated by org.testng.reporters.JUnitReportReporter -->
<testsuite hostname="Lenovo" failures="0" tests="1" name="com.hrms.tests.openBrowser" time="4.536" errors="0" timestamp="25 Feb 2021 00:16:10 GMT">
  <testcase classname="com.hrms.tests.openBrowser" name="test1" time="4.536"/>
</testsuite> <!-- com.hrms.tests.openBrowser -->
