<?xml version="1.0" encoding="UTF-8"?>
<!-- Generated by org.testng.reporters.JUnitReportReporter -->
<testsuite hostname="Lenovo" failures="0" tests="1" name="com.hrms.pages.loginTest" time="3.885" errors="0" timestamp="3 Feb 2021 01:47:21 GMT">
  <testcase classname="com.hrms.pages.loginTest" name="loginTest1" time="3.885"/>
</testsuite> <!-- com.hrms.pages.loginTest -->
